<?xml version="1.0" encoding="UTF-8"?>
<testsuite xmlns:xsi="http://www.w3.org/2001/XMLSchema-instance" xsi:noNamespaceSchemaLocation="https://maven.apache.org/surefire/maven-surefire-plugin/xsd/surefire-test-report-3.0.xsd" version="3.0" name="lyfjshs.gomis.test.TestAnimation" time="0.001" tests="0" errors="0" skipped="0" failures="0">
  <properties>
    <property name="java.specification.version" value="23"/>
    <property name="sun.cpu.isalist" value="amd64"/>
    <property name="sun.jnu.encoding" value="Cp1252"/>
    <property name="java.class.path" value="C:\Users\Administrator\Documents\Main Projects\gomis\target\test-classes;C:\Users\Administrator\Documents\Main Projects\gomis\target\classes;C:\Users\Administrator\.m2\repository\org\mariadb\jdbc\mariadb-java-client\3.5.2\mariadb-java-client-3.5.2.jar;C:\Users\Administrator\.m2\repository\io\github\dj-raven\modal-dialog\2.3.0\modal-dialog-2.3.0.jar;C:\Users\Administrator\.m2\repository\com\formdev\flatlaf\3.5.4\flatlaf-3.5.4.jar;C:\Users\Administrator\.m2\repository\com\formdev\flatlaf-extras\3.5.4\flatlaf-extras-3.5.4.jar;C:\Users\Administrator\.m2\repository\com\github\weisj\jsvg\1.4.0\jsvg-1.4.0.jar;C:\Users\Administrator\.m2\repository\io\github\dj-raven\swing-datetime-picker\2.0.0\swing-datetime-picker-2.0.0.jar;C:\Users\Administrator\.m2\repository\net\java\timingframework\timingframework-swing\7.3.1\timingframework-swing-7.3.1.jar;C:\Users\Administrator\.m2\repository\net\java\timingframework\timingframework-core\7.3.1\timingframework-core-7.3.1.jar;C:\Users\Administrator\.m2\repository\com\surelogic\promises\4.4.0\promises-4.4.0.jar;C:\Users\Administrator\.m2\repository\com\miglayout\miglayout-swing\11.4.2\miglayout-swing-11.4.2.jar;C:\Users\Administrator\.m2\repository\com\miglayout\miglayout-core\11.4.2\miglayout-core-11.4.2.jar;C:\Users\Administrator\.m2\repository\com\formdev\flatlaf-fonts-roboto\2.137\flatlaf-fonts-roboto-2.137.jar;C:\Users\Administrator\.m2\repository\net\sf\jasperreports\jasperreports\7.0.1\jasperreports-7.0.1.jar;C:\Users\Administrator\.m2\repository\commons-logging\commons-logging\1.3.0\commons-logging-1.3.0.jar;C:\Users\Administrator\.m2\repository\org\apache\commons\commons-collections4\4.4\commons-collections4-4.4.jar;C:\Users\Administrator\.m2\repository\com\fasterxml\jackson\core\jackson-core\2.17.1\jackson-core-2.17.1.jar;C:\Users\Administrator\.m2\repository\com\fasterxml\jackson\core\jackson-annotations\2.17.1\jackson-annotations-2.17.1.jar;C:\Users\Administrator\.m2\repository\com\fasterxml\jackson\core\jackson-databind\2.17.1\jackson-databind-2.17.1.jar;C:\Users\Administrator\.m2\repository\com\fasterxml\jackson\dataformat\jackson-dataformat-xml\2.17.1\jackson-dataformat-xml-2.17.1.jar;C:\Users\Administrator\.m2\repository\org\codehaus\woodstox\stax2-api\4.2.2\stax2-api-4.2.2.jar;C:\Users\Administrator\.m2\repository\com\fasterxml\woodstox\woodstox-core\6.6.2\woodstox-core-6.6.2.jar;C:\Users\Administrator\.m2\repository\org\apache\xmlgraphics\batik-anim\1.17\batik-anim-1.17.jar;C:\Users\Administrator\.m2\repository\org\apache\xmlgraphics\batik-ext\1.17\batik-ext-1.17.jar;C:\Users\Administrator\.m2\repository\org\apache\xmlgraphics\batik-parser\1.17\batik-parser-1.17.jar;C:\Users\Administrator\.m2\repository\org\apache\xmlgraphics\batik-shared-resources\1.17\batik-shared-resources-1.17.jar;C:\Users\Administrator\.m2\repository\org\apache\xmlgraphics\batik-bridge\1.17\batik-bridge-1.17.jar;C:\Users\Administrator\.m2\repository\org\apache\xmlgraphics\batik-script\1.17\batik-script-1.17.jar;C:\Users\Administrator\.m2\repository\org\apache\xmlgraphics\batik-xml\1.17\batik-xml-1.17.jar;C:\Users\Administrator\.m2\repository\org\apache\xmlgraphics\xmlgraphics-commons\2.9\xmlgraphics-commons-2.9.jar;C:\Users\Administrator\.m2\repository\org\apache\xmlgraphics\batik-dom\1.17\batik-dom-1.17.jar;C:\Users\Administrator\.m2\repository\org\apache\xmlgraphics\batik-svg-dom\1.17\batik-svg-dom-1.17.jar;C:\Users\Administrator\.m2\repository\org\apache\xmlgraphics\batik-awt-util\1.17\batik-awt-util-1.17.jar;C:\Users\Administrator\.m2\repository\org\apache\xmlgraphics\batik-gvt\1.17\batik-gvt-1.17.jar;C:\Users\Administrator\.m2\repository\org\apache\xmlgraphics\batik-util\1.17\batik-util-1.17.jar;C:\Users\Administrator\.m2\repository\org\apache\xmlgraphics\batik-i18n\1.17\batik-i18n-1.17.jar;C:\Users\Administrator\.m2\repository\org\apache\xmlgraphics\batik-constants\1.17\batik-constants-1.17.jar;C:\Users\Administrator\.m2\repository\org\apache\xmlgraphics\batik-css\1.17\batik-css-1.17.jar;C:\Users\Administrator\.m2\repository\xml-apis\xml-apis-ext\1.3.04\xml-apis-ext-1.3.04.jar;C:\Users\Administrator\.m2\repository\commons-beanutils\commons-beanutils\1.9.4\commons-beanutils-1.9.4.jar;C:\Users\Administrator\.m2\repository\commons-collections\commons-collections\3.2.2\commons-collections-3.2.2.jar;C:\Users\Administrator\.m2\repository\net\sf\jasperreports\jasperreports-pdf\7.0.1\jasperreports-pdf-7.0.1.jar;C:\Users\Administrator\.m2\repository\com\github\librepdf\openpdf\1.3.32\openpdf-1.3.32.jar;C:\Users\Administrator\.m2\repository\com\adobe\xmp\xmpcore\6.1.11\xmpcore-6.1.11.jar;C:\Users\Administrator\.m2\repository\org\apache\poi\poi-ooxml\5.4.0\poi-ooxml-5.4.0.jar;C:\Users\Administrator\.m2\repository\org\apache\poi\poi\5.4.0\poi-5.4.0.jar;C:\Users\Administrator\.m2\repository\commons-codec\commons-codec\1.17.1\commons-codec-1.17.1.jar;C:\Users\Administrator\.m2\repository\org\apache\commons\commons-math3\3.6.1\commons-math3-3.6.1.jar;C:\Users\Administrator\.m2\repository\com\zaxxer\SparseBitSet\1.3\SparseBitSet-1.3.jar;C:\Users\Administrator\.m2\repository\org\apache\poi\poi-ooxml-lite\5.4.0\poi-ooxml-lite-5.4.0.jar;C:\Users\Administrator\.m2\repository\org\apache\xmlbeans\xmlbeans\5.3.0\xmlbeans-5.3.0.jar;C:\Users\Administrator\.m2\repository\org\apache\commons\commons-compress\1.27.1\commons-compress-1.27.1.jar;C:\Users\Administrator\.m2\repository\org\apache\commons\commons-lang3\3.16.0\commons-lang3-3.16.0.jar;C:\Users\Administrator\.m2\repository\commons-io\commons-io\2.18.0\commons-io-2.18.0.jar;C:\Users\Administrator\.m2\repository\com\github\virtuald\curvesapi\1.08\curvesapi-1.08.jar;C:\Users\Administrator\.m2\repository\org\apache\logging\log4j\log4j-api\2.24.3\log4j-api-2.24.3.jar;C:\Users\Administrator\.m2\repository\com\github\steos\jnafilechooser\1.1.2\jnafilechooser-1.1.2.jar;C:\Users\Administrator\.m2\repository\com\github\steos\jnafilechooser\jnafilechooser-api\1.1.2\jnafilechooser-api-1.1.2.jar;C:\Users\Administrator\.m2\repository\com\github\steos\jnafilechooser\jnafilechooser-demo\1.1.2\jnafilechooser-demo-1.1.2.jar;C:\Users\Administrator\.m2\repository\com\github\steos\jnafilechooser\jnafilechooser-win32\1.1.2\jnafilechooser-win32-1.1.2.jar;C:\Users\Administrator\.m2\repository\net\java\dev\jna\jna\5.13.0\jna-5.13.0.jar;C:\Users\Administrator\.m2\repository\com\toedter\jcalendar\1.4\jcalendar-1.4.jar;C:\Users\Administrator\.m2\repository\org\swinglabs\swingx\swingx-autocomplete\1.6.5-1\swingx-autocomplete-1.6.5-1.jar;C:\Users\Administrator\.m2\repository\org\swinglabs\swingx\swingx-common\1.6.5-1\swingx-common-1.6.5-1.jar;"/>
    <property name="java.vm.vendor" value="Oracle Corporation"/>
    <property name="sun.arch.data.model" value="64"/>
    <property name="user.variant" value=""/>
    <property name="java.vendor.url" value="https://java.oracle.com/"/>
    <property name="user.timezone" value="Asia/Shanghai"/>
    <property name="os.name" value="Windows 11"/>
    <property name="java.vm.specification.version" value="23"/>
    <property name="sun.java.launcher" value="SUN_STANDARD"/>
    <property name="user.country" value="US"/>
    <property name="sun.boot.library.path" value="C:\Program Files\Java\jdk-23\bin"/>
    <property name="sun.java.command" value="C:\Users\Administrator\AppData\Local\Temp\surefire4377687950342850040\surefirebooter-20250318183615020_3.jar C:\Users\Administrator\AppData\Local\Temp\surefire4377687950342850040 2025-03-18T18-36-14_751-jvmRun1 surefire-20250318183615020_1tmp surefire_0-20250318183615020_2tmp"/>
    <property name="jdk.debug" value="release"/>
    <property name="surefire.test.class.path" value="C:\Users\Administrator\Documents\Main Projects\gomis\target\test-classes;C:\Users\Administrator\Documents\Main Projects\gomis\target\classes;C:\Users\Administrator\.m2\repository\org\mariadb\jdbc\mariadb-java-client\3.5.2\mariadb-java-client-3.5.2.jar;C:\Users\Administrator\.m2\repository\io\github\dj-raven\modal-dialog\2.3.0\modal-dialog-2.3.0.jar;C:\Users\Administrator\.m2\repository\com\formdev\flatlaf\3.5.4\flatlaf-3.5.4.jar;C:\Users\Administrator\.m2\repository\com\formdev\flatlaf-extras\3.5.4\flatlaf-extras-3.5.4.jar;C:\Users\Administrator\.m2\repository\com\github\weisj\jsvg\1.4.0\jsvg-1.4.0.jar;C:\Users\Administrator\.m2\repository\io\github\dj-raven\swing-datetime-picker\2.0.0\swing-datetime-picker-2.0.0.jar;C:\Users\Administrator\.m2\repository\net\java\timingframework\timingframework-swing\7.3.1\timingframework-swing-7.3.1.jar;C:\Users\Administrator\.m2\repository\net\java\timingframework\timingframework-core\7.3.1\timingframework-core-7.3.1.jar;C:\Users\Administrator\.m2\repository\com\surelogic\promises\4.4.0\promises-4.4.0.jar;C:\Users\Administrator\.m2\repository\com\miglayout\miglayout-swing\11.4.2\miglayout-swing-11.4.2.jar;C:\Users\Administrator\.m2\repository\com\miglayout\miglayout-core\11.4.2\miglayout-core-11.4.2.jar;C:\Users\Administrator\.m2\repository\com\formdev\flatlaf-fonts-roboto\2.137\flatlaf-fonts-roboto-2.137.jar;C:\Users\Administrator\.m2\repository\net\sf\jasperreports\jasperreports\7.0.1\jasperreports-7.0.1.jar;C:\Users\Administrator\.m2\repository\commons-logging\commons-logging\1.3.0\commons-logging-1.3.0.jar;C:\Users\Administrator\.m2\repository\org\apache\commons\commons-collections4\4.4\commons-collections4-4.4.jar;C:\Users\Administrator\.m2\repository\com\fasterxml\jackson\core\jackson-core\2.17.1\jackson-core-2.17.1.jar;C:\Users\Administrator\.m2\repository\com\fasterxml\jackson\core\jackson-annotations\2.17.1\jackson-annotations-2.17.1.jar;C:\Users\Administrator\.m2\repository\com\fasterxml\jackson\core\jackson-databind\2.17.1\jackson-databind-2.17.1.jar;C:\Users\Administrator\.m2\repository\com\fasterxml\jackson\dataformat\jackson-dataformat-xml\2.17.1\jackson-dataformat-xml-2.17.1.jar;C:\Users\Administrator\.m2\repository\org\codehaus\woodstox\stax2-api\4.2.2\stax2-api-4.2.2.jar;C:\Users\Administrator\.m2\repository\com\fasterxml\woodstox\woodstox-core\6.6.2\woodstox-core-6.6.2.jar;C:\Users\Administrator\.m2\repository\org\apache\xmlgraphics\batik-anim\1.17\batik-anim-1.17.jar;C:\Users\Administrator\.m2\repository\org\apache\xmlgraphics\batik-ext\1.17\batik-ext-1.17.jar;C:\Users\Administrator\.m2\repository\org\apache\xmlgraphics\batik-parser\1.17\batik-parser-1.17.jar;C:\Users\Administrator\.m2\repository\org\apache\xmlgraphics\batik-shared-resources\1.17\batik-shared-resources-1.17.jar;C:\Users\Administrator\.m2\repository\org\apache\xmlgraphics\batik-bridge\1.17\batik-bridge-1.17.jar;C:\Users\Administrator\.m2\repository\org\apache\xmlgraphics\batik-script\1.17\batik-script-1.17.jar;C:\Users\Administrator\.m2\repository\org\apache\xmlgraphics\batik-xml\1.17\batik-xml-1.17.jar;C:\Users\Administrator\.m2\repository\org\apache\xmlgraphics\xmlgraphics-commons\2.9\xmlgraphics-commons-2.9.jar;C:\Users\Administrator\.m2\repository\org\apache\xmlgraphics\batik-dom\1.17\batik-dom-1.17.jar;C:\Users\Administrator\.m2\repository\org\apache\xmlgraphics\batik-svg-dom\1.17\batik-svg-dom-1.17.jar;C:\Users\Administrator\.m2\repository\org\apache\xmlgraphics\batik-awt-util\1.17\batik-awt-util-1.17.jar;C:\Users\Administrator\.m2\repository\org\apache\xmlgraphics\batik-gvt\1.17\batik-gvt-1.17.jar;C:\Users\Administrator\.m2\repository\org\apache\xmlgraphics\batik-util\1.17\batik-util-1.17.jar;C:\Users\Administrator\.m2\repository\org\apache\xmlgraphics\batik-i18n\1.17\batik-i18n-1.17.jar;C:\Users\Administrator\.m2\repository\org\apache\xmlgraphics\batik-constants\1.17\batik-constants-1.17.jar;C:\Users\Administrator\.m2\repository\org\apache\xmlgraphics\batik-css\1.17\batik-css-1.17.jar;C:\Users\Administrator\.m2\repository\xml-apis\xml-apis-ext\1.3.04\xml-apis-ext-1.3.04.jar;C:\Users\Administrator\.m2\repository\commons-beanutils\commons-beanutils\1.9.4\commons-beanutils-1.9.4.jar;C:\Users\Administrator\.m2\repository\commons-collections\commons-collections\3.2.2\commons-collections-3.2.2.jar;C:\Users\Administrator\.m2\repository\net\sf\jasperreports\jasperreports-pdf\7.0.1\jasperreports-pdf-7.0.1.jar;C:\Users\Administrator\.m2\repository\com\github\librepdf\openpdf\1.3.32\openpdf-1.3.32.jar;C:\Users\Administrator\.m2\repository\com\adobe\xmp\xmpcore\6.1.11\xmpcore-6.1.11.jar;C:\Users\Administrator\.m2\repository\org\apache\poi\poi-ooxml\5.4.0\poi-ooxml-5.4.0.jar;C:\Users\Administrator\.m2\repository\org\apache\poi\poi\5.4.0\poi-5.4.0.jar;C:\Users\Administrator\.m2\repository\commons-codec\commons-codec\1.17.1\commons-codec-1.17.1.jar;C:\Users\Administrator\.m2\repository\org\apache\commons\commons-math3\3.6.1\commons-math3-3.6.1.jar;C:\Users\Administrator\.m2\repository\com\zaxxer\SparseBitSet\1.3\SparseBitSet-1.3.jar;C:\Users\Administrator\.m2\repository\org\apache\poi\poi-ooxml-lite\5.4.0\poi-ooxml-lite-5.4.0.jar;C:\Users\Administrator\.m2\repository\org\apache\xmlbeans\xmlbeans\5.3.0\xmlbeans-5.3.0.jar;C:\Users\Administrator\.m2\repository\org\apache\commons\commons-compress\1.27.1\commons-compress-1.27.1.jar;C:\Users\Administrator\.m2\repository\org\apache\commons\commons-lang3\3.16.0\commons-lang3-3.16.0.jar;C:\Users\Administrator\.m2\repository\commons-io\commons-io\2.18.0\commons-io-2.18.0.jar;C:\Users\Administrator\.m2\repository\com\github\virtuald\curvesapi\1.08\curvesapi-1.08.jar;C:\Users\Administrator\.m2\repository\org\apache\logging\log4j\log4j-api\2.24.3\log4j-api-2.24.3.jar;C:\Users\Administrator\.m2\repository\com\github\steos\jnafilechooser\1.1.2\jnafilechooser-1.1.2.jar;C:\Users\Administrator\.m2\repository\com\github\steos\jnafilechooser\jnafilechooser-api\1.1.2\jnafilechooser-api-1.1.2.jar;C:\Users\Administrator\.m2\repository\com\github\steos\jnafilechooser\jnafilechooser-demo\1.1.2\jnafilechooser-demo-1.1.2.jar;C:\Users\Administrator\.m2\repository\com\github\steos\jnafilechooser\jnafilechooser-win32\1.1.2\jnafilechooser-win32-1.1.2.jar;C:\Users\Administrator\.m2\repository\net\java\dev\jna\jna\5.13.0\jna-5.13.0.jar;C:\Users\Administrator\.m2\repository\com\toedter\jcalendar\1.4\jcalendar-1.4.jar;C:\Users\Administrator\.m2\repository\org\swinglabs\swingx\swingx-autocomplete\1.6.5-1\swingx-autocomplete-1.6.5-1.jar;C:\Users\Administrator\.m2\repository\org\swinglabs\swingx\swingx-common\1.6.5-1\swingx-common-1.6.5-1.jar;"/>
    <property name="sun.cpu.endian" value="little"/>
    <property name="user.home" value="C:\Users\Administrator"/>
    <property name="user.language" value="en"/>
    <property name="java.specification.vendor" value="Oracle Corporation"/>
    <property name="java.version.date" value="2025-01-21"/>
    <property name="java.home" value="C:\Program Files\Java\jdk-23"/>
    <property name="file.separator" value="\"/>
    <property name="basedir" value="C:\Users\Administrator\Documents\Main Projects\gomis"/>
    <property name="java.vm.compressedOopsMode" value="Zero based"/>
    <property name="line.separator" value="&#10;"/>
    <property name="java.vm.specification.vendor" value="Oracle Corporation"/>
    <property name="java.specification.name" value="Java Platform API Specification"/>
    <property name="surefire.real.class.path" value="C:\Users\Administrator\AppData\Local\Temp\surefire4377687950342850040\surefirebooter-20250318183615020_3.jar"/>
    <property name="user.script" value=""/>
    <property name="sun.management.compiler" value="HotSpot 64-Bit Tiered Compilers"/>
    <property name="java.runtime.version" value="23.0.2+7-58"/>
    <property name="user.name" value="Administrator"/>
    <property name="stdout.encoding" value="Cp1252"/>
    <property name="path.separator" value=";"/>
    <property name="os.version" value="10.0"/>
    <property name="java.runtime.name" value="Java(TM) SE Runtime Environment"/>
    <property name="file.encoding" value="UTF-8"/>
    <property name="java.vm.name" value="Java HotSpot(TM) 64-Bit Server VM"/>
    <property name="localRepository" value="C:\Users\Administrator\.m2\repository"/>
    <property name="java.vendor.url.bug" value="https://bugreport.java.com/bugreport/"/>
    <property name="java.io.tmpdir" value="C:\Users\ADMINI~1\AppData\Local\Temp\"/>
    <property name="java.version" value="23.0.2"/>
    <property name="user.dir" value="C:\Users\Administrator\Documents\Main Projects\gomis"/>
    <property name="os.arch" value="amd64"/>
    <property name="java.vm.specification.name" value="Java Virtual Machine Specification"/>
    <property name="sun.os.patch.level" value=""/>
    <property name="native.encoding" value="Cp1252"/>
    <property name="java.library.path" value="C:\Program Files\Java\jdk-23\bin;C:\Windows\Sun\Java\bin;C:\Windows\system32;C:\Windows;C:\Program Files\PowerShell\7;C:\Program Files (x86)\GOMIS\jre\bin;C:\Program Files\Common Files\Oracle\Java\javapath;C:\Program Files (x86)\Common Files\Oracle\Java\java8path;C:\Program Files (x86)\Common Files\Oracle\Java\javapath;c:\Users\Administrator\AppData\Local\Programs\cursor\resources\app\bin;C:\app\WINDOWS.X64_213000_db_home\bin;C:\Windows\system32;C:\Windows;C:\Windows\System32\Wbem;C:\Windows\System32\WindowsPowerShell\v1.0\;C:\Windows\System32\OpenSSH\;C:\Program Files\dotnet\;C:\Program Files\Git\cmd;C:\Users\Administrator\AppData\Local\Microsoft\WindowsApps;C:\Users\Administrator\AppData\Local\GitHubDesktop\bin;c:\Users\Administrator\AppData\Local\Programs\cursor\resources\app\bin;c:\Users\Administrator\AppData\Local\Programs\cursor\resources\app\bin;C:\Program Files\nodejs\;C:\Program Files\PowerShell\7\;C:\ProgramData\chocolatey\bin;C:\Program Files\Java\jdk-23\bin;C:\ProgramData\chocolatey\lib\maven\apache-maven-3.9.9\bin;;C:\Program Files\Java\jdk-23\bin;C:\Program Files\GOMIS\jre\bin;C:\Users\Administrator\AppData\Local\pnpm;C:\Users\Administrator\AppData\Local\Programs\Microsoft VS Code\bin;C:\Users\Administrator\AppData\Local\Microsoft\WinGet\Links;C:\Users\Administrator\AppData\Roaming\npm;."/>
    <property name="java.vm.info" value="mixed mode, sharing"/>
    <property name="stderr.encoding" value="Cp1252"/>
    <property name="java.vendor" value="Oracle Corporation"/>
    <property name="java.vm.version" value="23.0.2+7-58"/>
    <property name="sun.io.unicode.encoding" value="UnicodeLittle"/>
    <property name="java.class.version" value="67.0"/>
  </properties>
</testsuite>